# JRE version: Java(TM) SE Runtime Environment (8.0_221-b11) (build 1.8.0_221-b11)
# Java VM: Java HotSpot(TM) 64-Bit Server VM (25.221-b11 mixed mode windows-amd64 compressed oops)
Heap:
 PSYoungGen      total 105984K, used 24277K [0x00000000f5580000, 0x00000000fd180000, 0x0000000100000000)
  eden space 95232K, 25% used [0x00000000f5580000,0x00000000f6d355f8,0x00000000fb280000)
  from space 10752K, 0% used [0x00000000fbd00000,0x00000000fbd00000,0x00000000fc780000)
  to   space 10752K, 0% used [0x00000000fb280000,0x00000000fb280000,0x00000000fbd00000)
 ParOldGen       total 176128K, used 9172K [0x00000000e0000000, 0x00000000eac00000, 0x00000000f5580000)
  object space 176128K, 5% used [0x00000000e0000000,0x00000000e08f5260,0x00000000eac00000)
 Metaspace       used 25946K, capacity 26322K, committed 26456K, reserved 1073152K
  class space    used 3489K, capacity 3622K, committed 3672K, reserved 1048576K
GC Heap History (10 events):
Event: 10.990 GC heap before
{Heap before GC invocations=2 (full 0):
 PSYoungGen      total 76288K, used 67827K [0x00000000f5580000, 0x00000000faa80000, 0x0000000100000000)
  eden space 65536K, 94% used [0x00000000f5580000,0x00000000f9204790,0x00000000f9580000)
  from space 10752K, 54% used [0x00000000f9580000,0x00000000f9b38670,0x00000000fa000000)
  to   space 10752K, 0% used [0x00000000fa000000,0x00000000fa000000,0x00000000faa80000)
 ParOldGen       total 175104K, used 8K [0x00000000e0000000, 0x00000000eab00000, 0x00000000f5580000)
  object space 175104K, 0% used [0x00000000e0000000,0x00000000e0002000,0x00000000eab00000)
 Metaspace       used 14243K, capacity 14556K, committed 14720K, reserved 1067008K
  class space    used 2047K, capacity 2130K, committed 2176K, reserved 1048576K
Event: 11.013 GC heap after
Heap after GC invocations=2 (full 0):
 PSYoungGen      total 76288K, used 9208K [0x00000000f5580000, 0x00000000faa80000, 0x0000000100000000)
  eden space 65536K, 0% used [0x00000000f5580000,0x00000000f5580000,0x00000000f9580000)
  from space 10752K, 85% used [0x00000000fa000000,0x00000000fa8fe2b0,0x00000000faa80000)
  to   space 10752K, 0% used [0x00000000f9580000,0x00000000f9580000,0x00000000fa000000)
 ParOldGen       total 175104K, used 16K [0x00000000e0000000, 0x00000000eab00000, 0x00000000f5580000)
  object space 175104K, 0% used [0x00000000e0000000,0x00000000e0004000,0x00000000eab00000)
 Metaspace       used 14243K, capacity 14556K, committed 14720K, reserved 1067008K
  class space    used 2047K, capacity 2130K, committed 2176K, reserved 1048576K
}
Event: 11.013 GC heap before
{Heap before GC invocations=3 (full 1):
 PSYoungGen      total 76288K, used 9208K [0x00000000f5580000, 0x00000000faa80000, 0x0000000100000000)
  eden space 65536K, 0% used [0x00000000f5580000,0x00000000f5580000,0x00000000f9580000)
  from space 10752K, 85% used [0x00000000fa000000,0x00000000fa8fe2b0,0x00000000faa80000)
  to   space 10752K, 0% used [0x00000000f9580000,0x00000000f9580000,0x00000000fa000000)
 ParOldGen       total 175104K, used 16K [0x00000000e0000000, 0x00000000eab00000, 0x00000000f5580000)
  object space 175104K, 0% used [0x00000000e0000000,0x00000000e0004000,0x00000000eab00000)
 Metaspace       used 14243K, capacity 14556K, committed 14720K, reserved 1067008K
  class space    used 2047K, capacity 2130K, committed 2176K, reserved 1048576K
Event: 11.081 GC heap after
Heap after GC invocations=3 (full 1):
 PSYoungGen      total 76288K, used 0K [0x00000000f5580000, 0x00000000faa80000, 0x0000000100000000)
  eden space 65536K, 0% used [0x00000000f5580000,0x00000000f5580000,0x00000000f9580000)
  from space 10752K, 0% used [0x00000000fa000000,0x00000000fa000000,0x00000000faa80000)
  to   space 10752K, 0% used [0x00000000f9580000,0x00000000f9580000,0x00000000fa000000)
 ParOldGen       total 175104K, used 8798K [0x00000000e0000000, 0x00000000eab00000, 0x00000000f5580000)
  object space 175104K, 5% used [0x00000000e0000000,0x00000000e0897b68,0x00000000eab00000)
 Metaspace       used 14243K, capacity 14556K, committed 14720K, reserved 1064960K
  class space    used 2047K, capacity 2130K, committed 2176K, reserved 1048576K
}
Event: 13.336 GC heap before
{Heap before GC invocations=4 (full 1):
 PSYoungGen      total 76288K, used 65536K [0x00000000f5580000, 0x00000000faa80000, 0x0000000100000000)
  eden space 65536K, 100% used [0x00000000f5580000,0x00000000f9580000,0x00000000f9580000)
  from space 10752K, 0% used [0x00000000fa000000,0x00000000fa000000,0x00000000faa80000)
  to   space 10752K, 0% used [0x00000000f9580000,0x00000000f9580000,0x00000000fa000000)
 ParOldGen       total 175104K, used 8798K [0x00000000e0000000, 0x00000000eab00000, 0x00000000f5580000)
  object space 175104K, 5% used [0x00000000e0000000,0x00000000e0897b68,0x00000000eab00000)
 Metaspace       used 21896K, capacity 22192K, committed 22400K, reserved 1071104K
  class space    used 3041K, capacity 3164K, committed 3200K, reserved 1048576K
Event: 13.350 GC heap after
Heap after GC invocations=4 (full 1):
 PSYoungGen      total 76288K, used 8543K [0x00000000f5580000, 0x00000000fc780000, 0x0000000100000000)
  eden space 65536K, 0% used [0x00000000f5580000,0x00000000f5580000,0x00000000f9580000)
  from space 10752K, 79% used [0x00000000f9580000,0x00000000f9dd7df0,0x00000000fa000000)
  to   space 10752K, 0% used [0x00000000fbd00000,0x00000000fbd00000,0x00000000fc780000)
 ParOldGen       total 175104K, used 8806K [0x00000000e0000000, 0x00000000eab00000, 0x00000000f5580000)
  object space 175104K, 5% used [0x00000000e0000000,0x00000000e0899b68,0x00000000eab00000)
 Metaspace       used 21896K, capacity 22192K, committed 22400K, reserved 1071104K
  class space    used 3041K, capacity 3164K, committed 3200K, reserved 1048576K
}
Event: 13.700 GC heap before
{Heap before GC invocations=5 (full 1):
 PSYoungGen      total 76288K, used 18935K [0x00000000f5580000, 0x00000000fc780000, 0x0000000100000000)
  eden space 65536K, 15% used [0x00000000f5580000,0x00000000f5fa5e80,0x00000000f9580000)
  from space 10752K, 79% used [0x00000000f9580000,0x00000000f9dd7df0,0x00000000fa000000)
  to   space 10752K, 0% used [0x00000000fbd00000,0x00000000fbd00000,0x00000000fc780000)
 ParOldGen       total 175104K, used 8806K [0x00000000e0000000, 0x00000000eab00000, 0x00000000f5580000)
  object space 175104K, 5% used [0x00000000e0000000,0x00000000e0899b68,0x00000000eab00000)
 Metaspace       used 24038K, capacity 24368K, committed 24536K, reserved 1073152K
  class space    used 3341K, capacity 3484K, committed 3544K, reserved 1048576K
Event: 13.709 GC heap after
Heap after GC invocations=5 (full 1):
 PSYoungGen      total 105984K, used 4614K [0x00000000f5580000, 0x00000000fd180000, 0x0000000100000000)
  eden space 95232K, 0% used [0x00000000f5580000,0x00000000f5580000,0x00000000fb280000)
  from space 10752K, 42% used [0x00000000fbd00000,0x00000000fc181930,0x00000000fc780000)
  to   space 10752K, 0% used [0x00000000fb280000,0x00000000fb280000,0x00000000fbd00000)
 ParOldGen       total 175104K, used 8814K [0x00000000e0000000, 0x00000000eab00000, 0x00000000f5580000)
  object space 175104K, 5% used [0x00000000e0000000,0x00000000e089bb68,0x00000000eab00000)
 Metaspace       used 24038K, capacity 24368K, committed 24536K, reserved 1073152K
  class space    used 3341K, capacity 3484K, committed 3544K, reserved 1048576K
}
Event: 13.709 GC heap before
{Heap before GC invocations=6 (full 2):
 PSYoungGen      total 105984K, used 4614K [0x00000000f5580000, 0x00000000fd180000, 0x0000000100000000)
  eden space 95232K, 0% used [0x00000000f5580000,0x00000000f5580000,0x00000000fb280000)
  from space 10752K, 42% used [0x00000000fbd00000,0x00000000fc181930,0x00000000fc780000)
  to   space 10752K, 0% used [0x00000000fb280000,0x00000000fb280000,0x00000000fbd00000)
 ParOldGen       total 175104K, used 8814K [0x00000000e0000000, 0x00000000eab00000, 0x00000000f5580000)
  object space 175104K, 5% used [0x00000000e0000000,0x00000000e089bb68,0x00000000eab00000)
 Metaspace       used 24038K, capacity 24368K, committed 24536K, reserved 1073152K
  class space    used 3341K, capacity 3484K, committed 3544K, reserved 1048576K
Event: 13.771 GC heap after
Heap after GC invocations=6 (full 2):
 PSYoungGen      total 105984K, used 0K [0x00000000f5580000, 0x00000000fd180000, 0x0000000100000000)
  eden space 95232K, 0% used [0x00000000f5580000,0x00000000f5580000,0x00000000fb280000)
  from space 10752K, 0% used [0x00000000fbd00000,0x00000000fbd00000,0x00000000fc780000)
  to   space 10752K, 0% used [0x00000000fb280000,0x00000000fb280000,0x00000000fbd00000)
 ParOldGen       total 176128K, used 9172K [0x00000000e0000000, 0x00000000eac00000, 0x00000000f5580000)
  object space 176128K, 5% used [0x00000000e0000000,0x00000000e08f5260,0x00000000eac00000)
 Metaspace       used 24038K, capacity 24368K, committed 24536K, reserved 1073152K
  class space    used 3341K, capacity 3484K, committed 3544K, reserved 1048576K
}

